<?xml version="1.0" encoding="UTF-8"?>
<!-- Generated by org.testng.reporters.JUnitReportReporter -->
<testsuite hostname="hp" failures="0" tests="1" name="test.launchtest" time="49.528" errors="0" timestamp="2022-09-03T11:14:43 IST" skipped="0">
  <testcase classname="test.launchtest" name="f" time="49.528"/>
  <system-out/>
</testsuite> <!-- test.launchtest -->
